Arguments: 
  /Applications/Framer X.app/Contents/Resources/Node/bin/node /Applications/Framer X.app/Contents/Resources/Server/node_modules/yarn/bin/yarn.js add framer@^0.10 --peer --cwd /Users/mac/Documents/Framer X/Hello, Framer X/this workshop/facebook-video.framerfx --skip-integrity-check --cache-folder /Users/mac/Library/Caches/Framer/yarn/cache --mutex file:/Users/mac/Library/Caches/Framer/yarn/mutex --json --ignore-scripts --link-folder /Users/mac/Library/Application Support/Framer X/yarn-link-folder

PATH: 
  undefined

Yarn version: 
  1.13.0

Node version: 
  10.13.0

Platform: 
  darwin x64

Trace: 
  Error: ENOENT: no such file or directory, stat '/Users/mac/Documents/Framer X/Hello, Framer X/this workshop/facebook-video.framerfx/node_modules/framer'

npm manifest: 
  {
  	"main": "dist/index.js",
  	"license": "MIT",
  	"devDependencies": {
  		"@types/react": "^16.4.16"
  	},
  	"peerDependencies": {
  		"react": "^16.3.0",
  		"react-dom": "^16.3.0"
  	},
  	"framer": {
  		"id": "821875f8-5be4-44ef-b981-69e410989031"
  	},
  	"author": ". ruucm"
  }

yarn manifest: 
  No manifest

Lockfile: 
  # THIS IS AN AUTOGENERATED FILE. DO NOT EDIT THIS FILE DIRECTLY.
  # yarn lockfile v1
  
  
  "@types/prop-types@*":
    version "15.5.6"
    resolved "https://registry.yarnpkg.com/@types/prop-types/-/prop-types-15.5.6.tgz#9c03d3fed70a8d517c191b7734da2879b50ca26c"
  
  "@types/react@^16.4.16":
    version "16.4.16"
    resolved "https://registry.yarnpkg.com/@types/react/-/react-16.4.16.tgz#99f91b1200ae8c2062030402006d3b3c3a177043"
    dependencies:
      "@types/prop-types" "*"
      csstype "^2.2.0"
  
  csstype@^2.2.0:
    version "2.5.5"
    resolved "https://registry.yarnpkg.com/csstype/-/csstype-2.5.5.tgz#4125484a3d42189a863943f23b9e4b80fedfa106"
